26144941186520 [2018-11-13 22:52:33.418] [DEBUG] [xnytbcqig]
26152805804839 [2018-11-13 22:52:41.275] [DEBUG] [yuzxxtwzb]
26158007775096 [2018-11-13 22:52:46.476] [DEBUG] [xfvexxbgd]
26158023819441 [2018-11-13 22:52:46.492] [DEBUG] [bffxmryev]
26162935913651 [2018-11-13 22:52:51.404] [DEBUG] [ndoosbixc]
26167184675294 [2018-11-13 22:52:55.653] [DEBUG] [eqyjzxcxg]
26167290577012 [2018-11-13 22:52:55.759] [DEBUG] [wozwxjpmn]
26167293482428 [2018-11-13 22:52:55.762] [DEBUG] [emlaxdbyq]
26167294072470 [2018-11-13 22:52:55.762] [DEBUG] [eakcztbgx]
26177816871978 [2018-11-13 22:53:06.285] [DEBUG] [diengfkyx]
26192542795540 [2018-11-13 22:53:21.01] [DEBUG] [eqpxdmndv]
26201352708789 [2018-11-13 22:53:29.819] [DEBUG] [kwavaryxs]
26201353490252 [2018-11-13 22:53:29.82] [DEBUG] [cfqvtsfxp]
26211967907300 [2018-11-13 22:53:40.434] [DEBUG] [qsxasyzct]
26211968659318 [2018-11-13 22:53:40.435] [DEBUG] [brulyskfx]
26227388702573 [2018-11-13 22:53:55.854] [DEBUG] [eitxxymlx]
26231291927615 [2018-11-13 22:53:59.757] [DEBUG] [kuxkbsims]
26235295151913 [2018-11-13 22:54:03.76] [DEBUG] [tfexvlubw]
26243702131664 [2018-11-13 22:54:12.167] [DEBUG] [gfhxeajwc]
26265947942162 [2018-11-13 22:54:34.411] [DEBUG] [gecgjxmtv]
26265949250035 [2018-11-13 22:54:34.413] [DEBUG] [hbbawxyuj]
26272352786781 [2018-11-13 22:54:40.816] [DEBUG] [krgrbxrix]
26272353598361 [2018-11-13 22:54:40.817] [DEBUG] [tqqmiuoxu]
26278559078410 [2018-11-13 22:54:47.022] [DEBUG] [pdnuixfdd]
26288162426723 [2018-11-13 22:54:56.625] [DEBUG] [mfeikxpbx]
26288163479460 [2018-11-13 22:54:56.626] [DEBUG] [wdxbkeolx]
